ERROR - 2016-08-26 14:58:16 - exception 'ErrorException' with message 'Undefined index: results' in C:\xampp\htdocs\bomb\App\Controllers\HomeController.php:27
Stack trace:
#0 C:\xampp\htdocs\bomb\App\Controllers\HomeController.php(27): Yee\Yee::handleErrors(8, 'Undefined index...', 'C:\\xampp\\htdocs...', 27, Array)
#1 [internal function]: HomeController->index()
#2 C:\xampp\htdocs\bomb\vendor\yeephp\yeephp\Yee\Managers\Controller\Controller.php(22): call_user_func_array(Array, Array)
#3 [internal function]: Yee\Managers\Controller\Controller::__callStatic('___index', Array)
#4 [internal function]: HomeController::___index()
#5 C:\xampp\htdocs\bomb\vendor\yeephp\yeephp\Yee\Route.php(462): call_user_func_array('HomeController:...', Array)
#6 C:\xampp\htdocs\bomb\vendor\yeephp\yeephp\Yee\Yee.php(1333): Yee\Route->dispatch()
#7 C:\xampp\htdocs\bomb\vendor\yeephp\yeephp\Yee\Middleware\Flash.php(85): Yee\Yee->call()
#8 C:\xampp\htdocs\bomb\vendor\yeephp\yeephp\Yee\Middleware\MethodOverride.php(92): Yee\Middleware\Flash->call()
#9 C:\xampp\htdocs\bomb\vendor\yeephp\yeephp\Yee\Yee.php(1278): Yee\Middleware\MethodOverride->call()
#10 C:\xampp\htdocs\bomb\public\index.php(61): Yee\Yee->execute()
#11 {main}
ERROR - 2016-08-26 15:14:14 - exception 'ErrorException' with message 'Missing argument 1 for App\Models\GamesModel::getAllGames(), called in C:\xampp\htdocs\bomb\App\Controllers\HomeController.php on line 18 and defined' in C:\xampp\htdocs\bomb\App\Models\GamesModel.php:27
Stack trace:
#0 C:\xampp\htdocs\bomb\App\Models\GamesModel.php(27): Yee\Yee::handleErrors(2, 'Missing argumen...', 'C:\\xampp\\htdocs...', 27, Array)
#1 C:\xampp\htdocs\bomb\App\Controllers\HomeController.php(18): App\Models\GamesModel->getAllGames()
#2 [internal function]: HomeController->index()
#3 C:\xampp\htdocs\bomb\vendor\yeephp\yeephp\Yee\Managers\Controller\Controller.php(22): call_user_func_array(Array, Array)
#4 [internal function]: Yee\Managers\Controller\Controller::__callStatic('___index', Array)
#5 [internal function]: HomeController::___index()
#6 C:\xampp\htdocs\bomb\vendor\yeephp\yeephp\Yee\Route.php(462): call_user_func_array('HomeController:...', Array)
#7 C:\xampp\htdocs\bomb\vendor\yeephp\yeephp\Yee\Yee.php(1333): Yee\Route->dispatch()
#8 C:\xampp\htdocs\bomb\vendor\yeephp\yeephp\Yee\Middleware\Flash.php(85): Yee\Yee->call()
#9 C:\xampp\htdocs\bomb\vendor\yeephp\yeephp\Yee\Middleware\MethodOverride.php(92): Yee\Middleware\Flash->call()
#10 C:\xampp\htdocs\bomb\vendor\yeephp\yeephp\Yee\Yee.php(1278): Yee\Middleware\MethodOverride->call()
#11 C:\xampp\htdocs\bomb\public\index.php(61): Yee\Yee->execute()
#12 {main}
ERROR - 2016-08-26 15:29:32 - exception 'Twig_Error_Syntax' with message 'A hash key must be a quoted string, a number, a name, or an expression enclosed in parentheses (unexpected token "punctuation" of value "{" in "games/game.twig" at line 11.' in C:\xampp\htdocs\bomb\vendor\twig\twig\lib\Twig\ExpressionParser.php:281
Stack trace:
#0 C:\xampp\htdocs\bomb\vendor\twig\twig\lib\Twig\ExpressionParser.php(188): Twig_ExpressionParser->parseHashExpression()
#1 C:\xampp\htdocs\bomb\vendor\twig\twig\lib\Twig\ExpressionParser.php(84): Twig_ExpressionParser->parsePrimaryExpression()
#2 C:\xampp\htdocs\bomb\vendor\twig\twig\lib\Twig\ExpressionParser.php(41): Twig_ExpressionParser->getPrimary()
#3 C:\xampp\htdocs\bomb\vendor\twig\twig\lib\Twig\ExpressionParser.php(410): Twig_ExpressionParser->parseExpression()
#4 C:\xampp\htdocs\bomb\vendor\twig\twig\lib\Twig\ExpressionParser.php(300): Twig_ExpressionParser->parseSubscriptExpression(Object(Twig_Node_Expression_Name))
#5 C:\xampp\htdocs\bomb\vendor\twig\twig\lib\Twig\ExpressionParser.php(194): Twig_ExpressionParser->parsePostfixExpression(Object(Twig_Node_Expression_Name))
#6 C:\xampp\htdocs\bomb\vendor\twig\twig\lib\Twig\ExpressionParser.php(84): Twig_ExpressionParser->parsePrimaryExpression()
#7 C:\xampp\htdocs\bomb\vendor\twig\twig\lib\Twig\ExpressionParser.php(41): Twig_ExpressionParser->getPrimary()
#8 C:\xampp\htdocs\bomb\vendor\twig\twig\lib\Twig\Parser.php(144): Twig_ExpressionParser->parseExpression()
#9 C:\xampp\htdocs\bomb\vendor\twig\twig\lib\Twig\Parser.php(100): Twig_Parser->subparse(NULL, false)
#10 C:\xampp\htdocs\bomb\vendor\twig\twig\lib\Twig\Environment.php(619): Twig_Parser->parse(Object(Twig_TokenStream))
#11 C:\xampp\htdocs\bomb\vendor\twig\twig\lib\Twig\Environment.php(671): Twig_Environment->parse(Object(Twig_TokenStream))
#12 C:\xampp\htdocs\bomb\vendor\twig\twig\lib\Twig\Environment.php(396): Twig_Environment->compileSource('<!doctype html>...', 'games/game.twig')
#13 C:\xampp\htdocs\bomb\vendor\yeephp\yeephp\Yee\Views\Twig.php(87): Twig_Environment->loadTemplate('games/game.twig')
#14 C:\xampp\htdocs\bomb\vendor\yeephp\yeephp\Yee\View.php(255): Yee\Views\Twig->render('games/game.twig', NULL)
#15 C:\xampp\htdocs\bomb\vendor\yeephp\yeephp\Yee\View.php(243): Yee\View->fetch('games/game.twig', NULL)
#16 C:\xampp\htdocs\bomb\vendor\yeephp\yeephp\Yee\Yee.php(764): Yee\View->display('games/game.twig')
#17 C:\xampp\htdocs\bomb\App\Controllers\GamesController.php(52): Yee\Yee->render('games/game.twig', Array)
#18 [internal function]: GamesController->showById('2')
#19 C:\xampp\htdocs\bomb\vendor\yeephp\yeephp\Yee\Managers\Controller\Controller.php(22): call_user_func_array(Array, Array)
#20 [internal function]: Yee\Managers\Controller\Controller::__callStatic('___showById', Array)
#21 [internal function]: GamesController::___showById('2')
#22 C:\xampp\htdocs\bomb\vendor\yeephp\yeephp\Yee\Route.php(462): call_user_func_array('GamesController...', Array)
#23 C:\xampp\htdocs\bomb\vendor\yeephp\yeephp\Yee\Yee.php(1333): Yee\Route->dispatch()
#24 C:\xampp\htdocs\bomb\vendor\yeephp\yeephp\Yee\Middleware\Flash.php(85): Yee\Yee->call()
#25 C:\xampp\htdocs\bomb\vendor\yeephp\yeephp\Yee\Middleware\MethodOverride.php(92): Yee\Middleware\Flash->call()
#26 C:\xampp\htdocs\bomb\vendor\yeephp\yeephp\Yee\Yee.php(1278): Yee\Middleware\MethodOverride->call()
#27 C:\xampp\htdocs\bomb\public\index.php(61): Yee\Yee->execute()
#28 {main}
ERROR - 2016-08-26 15:52:35 - exception 'ErrorException' with message 'file_get_contents(http://www.giantbomb.com/api/game/100&amp;sort=asc/?api_key=7c5ac4184a5650319e68cbb20ec800e18f8af943&amp;field_list=date_added,deck,id,description,image,name&amp;format=json): failed to open stream: HTTP request failed! HTTP/1.1 404 Not Found
' in C:\xampp\htdocs\bomb\App\Models\GamesModel.php:40
Stack trace:
#0 [internal function]: Yee\Yee::handleErrors(2, 'file_get_conten...', 'C:\\xampp\\htdocs...', 40, Array)
#1 C:\xampp\htdocs\bomb\App\Models\GamesModel.php(40): file_get_contents('http://www.gian...')
#2 C:\xampp\htdocs\bomb\App\Controllers\GamesController.php(47): App\Models\GamesModel->getGameById('100&sort=asc')
#3 [internal function]: GamesController->showById('100&sort=asc')
#4 C:\xampp\htdocs\bomb\vendor\yeephp\yeephp\Yee\Managers\Controller\Controller.php(22): call_user_func_array(Array, Array)
#5 [internal function]: Yee\Managers\Controller\Controller::__callStatic('___showById', Array)
#6 [internal function]: GamesController::___showById('100&sort=asc')
#7 C:\xampp\htdocs\bomb\vendor\yeephp\yeephp\Yee\Route.php(462): call_user_func_array('GamesController...', Array)
#8 C:\xampp\htdocs\bomb\vendor\yeephp\yeephp\Yee\Yee.php(1333): Yee\Route->dispatch()
#9 C:\xampp\htdocs\bomb\vendor\yeephp\yeephp\Yee\Middleware\Flash.php(85): Yee\Yee->call()
#10 C:\xampp\htdocs\bomb\vendor\yeephp\yeephp\Yee\Middleware\MethodOverride.php(92): Yee\Middleware\Flash->call()
#11 C:\xampp\htdocs\bomb\vendor\yeephp\yeephp\Yee\Yee.php(1278): Yee\Middleware\MethodOverride->call()
#12 C:\xampp\htdocs\bomb\public\index.php(61): Yee\Yee->execute()
#13 {main}
