ERROR - 2016-09-10 14:43:51 - exception 'Twig_Error_Syntax' with message 'Unexpected token "end of print statement" of value "" ("name" expected) in "score.twig" at line 13.' in C:\xampp\htdocs\bomb\vendor\twig\twig\lib\Twig\TokenStream.php:87
Stack trace:
#0 C:\xampp\htdocs\bomb\vendor\twig\twig\lib\Twig\ExpressionParser.php(449): Twig_TokenStream->expect(5)
#1 C:\xampp\htdocs\bomb\vendor\twig\twig\lib\Twig\ExpressionParser.php(443): Twig_ExpressionParser->parseFilterExpressionRaw(Object(Twig_Node_Expression_Name))
#2 C:\xampp\htdocs\bomb\vendor\twig\twig\lib\Twig\ExpressionParser.php(302): Twig_ExpressionParser->parseFilterExpression(Object(Twig_Node_Expression_Name))
#3 C:\xampp\htdocs\bomb\vendor\twig\twig\lib\Twig\ExpressionParser.php(194): Twig_ExpressionParser->parsePostfixExpression(Object(Twig_Node_Expression_Name))
#4 C:\xampp\htdocs\bomb\vendor\twig\twig\lib\Twig\ExpressionParser.php(84): Twig_ExpressionParser->parsePrimaryExpression()
#5 C:\xampp\htdocs\bomb\vendor\twig\twig\lib\Twig\ExpressionParser.php(41): Twig_ExpressionParser->getPrimary()
#6 C:\xampp\htdocs\bomb\vendor\twig\twig\lib\Twig\Parser.php(144): Twig_ExpressionParser->parseExpression()
#7 C:\xampp\htdocs\bomb\vendor\twig\twig\lib\Twig\Parser.php(100): Twig_Parser->subparse(NULL, false)
#8 C:\xampp\htdocs\bomb\vendor\twig\twig\lib\Twig\Environment.php(619): Twig_Parser->parse(Object(Twig_TokenStream))
#9 C:\xampp\htdocs\bomb\vendor\twig\twig\lib\Twig\Environment.php(671): Twig_Environment->parse(Object(Twig_TokenStream))
#10 C:\xampp\htdocs\bomb\vendor\twig\twig\lib\Twig\Environment.php(396): Twig_Environment->compileSource('<!doctype html>...', 'score.twig')
#11 C:\xampp\htdocs\bomb\vendor\yeephp\yeephp\Yee\Views\Twig.php(87): Twig_Environment->loadTemplate('score.twig')
#12 C:\xampp\htdocs\bomb\vendor\yeephp\yeephp\Yee\View.php(255): Yee\Views\Twig->render('score.twig', NULL)
#13 C:\xampp\htdocs\bomb\vendor\yeephp\yeephp\Yee\View.php(243): Yee\View->fetch('score.twig', NULL)
#14 C:\xampp\htdocs\bomb\vendor\yeephp\yeephp\Yee\Yee.php(764): Yee\View->display('score.twig')
#15 C:\xampp\htdocs\bomb\App\Controllers\ScoreController.php(25): Yee\Yee->render('score.twig', Array)
#16 [internal function]: ScoreController->showScore()
#17 C:\xampp\htdocs\bomb\vendor\yeephp\yeephp\Yee\Managers\Controller\Controller.php(22): call_user_func_array(Array, Array)
#18 [internal function]: Yee\Managers\Controller\Controller::__callStatic('___showScore', Array)
#19 [internal function]: ScoreController::___showScore()
#20 C:\xampp\htdocs\bomb\vendor\yeephp\yeephp\Yee\Route.php(462): call_user_func_array('ScoreController...', Array)
#21 C:\xampp\htdocs\bomb\vendor\yeephp\yeephp\Yee\Yee.php(1333): Yee\Route->dispatch()
#22 C:\xampp\htdocs\bomb\vendor\yeephp\yeephp\Yee\Middleware\Flash.php(85): Yee\Yee->call()
#23 C:\xampp\htdocs\bomb\vendor\yeephp\yeephp\Yee\Middleware\MethodOverride.php(92): Yee\Middleware\Flash->call()
#24 C:\xampp\htdocs\bomb\vendor\yeephp\yeephp\Yee\Yee.php(1278): Yee\Middleware\MethodOverride->call()
#25 C:\xampp\htdocs\bomb\public\index.php(62): Yee\Yee->execute()
#26 {main}
ERROR - 2016-09-10 14:43:51 - exception 'Twig_Error_Syntax' with message 'Unexpected token "end of print statement" of value "" ("name" expected) in "score.twig" at line 13.' in C:\xampp\htdocs\bomb\vendor\twig\twig\lib\Twig\TokenStream.php:87
Stack trace:
#0 C:\xampp\htdocs\bomb\vendor\twig\twig\lib\Twig\ExpressionParser.php(449): Twig_TokenStream->expect(5)
#1 C:\xampp\htdocs\bomb\vendor\twig\twig\lib\Twig\ExpressionParser.php(443): Twig_ExpressionParser->parseFilterExpressionRaw(Object(Twig_Node_Expression_Name))
#2 C:\xampp\htdocs\bomb\vendor\twig\twig\lib\Twig\ExpressionParser.php(302): Twig_ExpressionParser->parseFilterExpression(Object(Twig_Node_Expression_Name))
#3 C:\xampp\htdocs\bomb\vendor\twig\twig\lib\Twig\ExpressionParser.php(194): Twig_ExpressionParser->parsePostfixExpression(Object(Twig_Node_Expression_Name))
#4 C:\xampp\htdocs\bomb\vendor\twig\twig\lib\Twig\ExpressionParser.php(84): Twig_ExpressionParser->parsePrimaryExpression()
#5 C:\xampp\htdocs\bomb\vendor\twig\twig\lib\Twig\ExpressionParser.php(41): Twig_ExpressionParser->getPrimary()
#6 C:\xampp\htdocs\bomb\vendor\twig\twig\lib\Twig\Parser.php(144): Twig_ExpressionParser->parseExpression()
#7 C:\xampp\htdocs\bomb\vendor\twig\twig\lib\Twig\Parser.php(100): Twig_Parser->subparse(NULL, false)
#8 C:\xampp\htdocs\bomb\vendor\twig\twig\lib\Twig\Environment.php(619): Twig_Parser->parse(Object(Twig_TokenStream))
#9 C:\xampp\htdocs\bomb\vendor\twig\twig\lib\Twig\Environment.php(671): Twig_Environment->parse(Object(Twig_TokenStream))
#10 C:\xampp\htdocs\bomb\vendor\twig\twig\lib\Twig\Environment.php(396): Twig_Environment->compileSource('<!doctype html>...', 'score.twig')
#11 C:\xampp\htdocs\bomb\vendor\yeephp\yeephp\Yee\Views\Twig.php(87): Twig_Environment->loadTemplate('score.twig')
#12 C:\xampp\htdocs\bomb\vendor\yeephp\yeephp\Yee\View.php(255): Yee\Views\Twig->render('score.twig', NULL)
#13 C:\xampp\htdocs\bomb\vendor\yeephp\yeephp\Yee\View.php(243): Yee\View->fetch('score.twig', NULL)
#14 C:\xampp\htdocs\bomb\vendor\yeephp\yeephp\Yee\Yee.php(764): Yee\View->display('score.twig')
#15 C:\xampp\htdocs\bomb\App\Controllers\ScoreController.php(25): Yee\Yee->render('score.twig', Array)
#16 [internal function]: ScoreController->showScore()
#17 C:\xampp\htdocs\bomb\vendor\yeephp\yeephp\Yee\Managers\Controller\Controller.php(22): call_user_func_array(Array, Array)
#18 [internal function]: Yee\Managers\Controller\Controller::__callStatic('___showScore', Array)
#19 [internal function]: ScoreController::___showScore()
#20 C:\xampp\htdocs\bomb\vendor\yeephp\yeephp\Yee\Route.php(462): call_user_func_array('ScoreController...', Array)
#21 C:\xampp\htdocs\bomb\vendor\yeephp\yeephp\Yee\Yee.php(1333): Yee\Route->dispatch()
#22 C:\xampp\htdocs\bomb\vendor\yeephp\yeephp\Yee\Middleware\Flash.php(85): Yee\Yee->call()
#23 C:\xampp\htdocs\bomb\vendor\yeephp\yeephp\Yee\Middleware\MethodOverride.php(92): Yee\Middleware\Flash->call()
#24 C:\xampp\htdocs\bomb\vendor\yeephp\yeephp\Yee\Yee.php(1278): Yee\Middleware\MethodOverride->call()
#25 C:\xampp\htdocs\bomb\public\index.php(62): Yee\Yee->execute()
#26 {main}
ERROR - 2016-09-10 14:43:52 - exception 'Twig_Error_Syntax' with message 'Unexpected token "end of print statement" of value "" ("name" expected) in "score.twig" at line 13.' in C:\xampp\htdocs\bomb\vendor\twig\twig\lib\Twig\TokenStream.php:87
Stack trace:
#0 C:\xampp\htdocs\bomb\vendor\twig\twig\lib\Twig\ExpressionParser.php(449): Twig_TokenStream->expect(5)
#1 C:\xampp\htdocs\bomb\vendor\twig\twig\lib\Twig\ExpressionParser.php(443): Twig_ExpressionParser->parseFilterExpressionRaw(Object(Twig_Node_Expression_Name))
#2 C:\xampp\htdocs\bomb\vendor\twig\twig\lib\Twig\ExpressionParser.php(302): Twig_ExpressionParser->parseFilterExpression(Object(Twig_Node_Expression_Name))
#3 C:\xampp\htdocs\bomb\vendor\twig\twig\lib\Twig\ExpressionParser.php(194): Twig_ExpressionParser->parsePostfixExpression(Object(Twig_Node_Expression_Name))
#4 C:\xampp\htdocs\bomb\vendor\twig\twig\lib\Twig\ExpressionParser.php(84): Twig_ExpressionParser->parsePrimaryExpression()
#5 C:\xampp\htdocs\bomb\vendor\twig\twig\lib\Twig\ExpressionParser.php(41): Twig_ExpressionParser->getPrimary()
#6 C:\xampp\htdocs\bomb\vendor\twig\twig\lib\Twig\Parser.php(144): Twig_ExpressionParser->parseExpression()
#7 C:\xampp\htdocs\bomb\vendor\twig\twig\lib\Twig\Parser.php(100): Twig_Parser->subparse(NULL, false)
#8 C:\xampp\htdocs\bomb\vendor\twig\twig\lib\Twig\Environment.php(619): Twig_Parser->parse(Object(Twig_TokenStream))
#9 C:\xampp\htdocs\bomb\vendor\twig\twig\lib\Twig\Environment.php(671): Twig_Environment->parse(Object(Twig_TokenStream))
#10 C:\xampp\htdocs\bomb\vendor\twig\twig\lib\Twig\Environment.php(396): Twig_Environment->compileSource('<!doctype html>...', 'score.twig')
#11 C:\xampp\htdocs\bomb\vendor\yeephp\yeephp\Yee\Views\Twig.php(87): Twig_Environment->loadTemplate('score.twig')
#12 C:\xampp\htdocs\bomb\vendor\yeephp\yeephp\Yee\View.php(255): Yee\Views\Twig->render('score.twig', NULL)
#13 C:\xampp\htdocs\bomb\vendor\yeephp\yeephp\Yee\View.php(243): Yee\View->fetch('score.twig', NULL)
#14 C:\xampp\htdocs\bomb\vendor\yeephp\yeephp\Yee\Yee.php(764): Yee\View->display('score.twig')
#15 C:\xampp\htdocs\bomb\App\Controllers\ScoreController.php(25): Yee\Yee->render('score.twig', Array)
#16 [internal function]: ScoreController->showScore()
#17 C:\xampp\htdocs\bomb\vendor\yeephp\yeephp\Yee\Managers\Controller\Controller.php(22): call_user_func_array(Array, Array)
#18 [internal function]: Yee\Managers\Controller\Controller::__callStatic('___showScore', Array)
#19 [internal function]: ScoreController::___showScore()
#20 C:\xampp\htdocs\bomb\vendor\yeephp\yeephp\Yee\Route.php(462): call_user_func_array('ScoreController...', Array)
#21 C:\xampp\htdocs\bomb\vendor\yeephp\yeephp\Yee\Yee.php(1333): Yee\Route->dispatch()
#22 C:\xampp\htdocs\bomb\vendor\yeephp\yeephp\Yee\Middleware\Flash.php(85): Yee\Yee->call()
#23 C:\xampp\htdocs\bomb\vendor\yeephp\yeephp\Yee\Middleware\MethodOverride.php(92): Yee\Middleware\Flash->call()
#24 C:\xampp\htdocs\bomb\vendor\yeephp\yeephp\Yee\Yee.php(1278): Yee\Middleware\MethodOverride->call()
#25 C:\xampp\htdocs\bomb\public\index.php(62): Yee\Yee->execute()
#26 {main}
ERROR - 2016-09-10 14:43:53 - exception 'Twig_Error_Syntax' with message 'Unexpected token "end of print statement" of value "" ("name" expected) in "score.twig" at line 13.' in C:\xampp\htdocs\bomb\vendor\twig\twig\lib\Twig\TokenStream.php:87
Stack trace:
#0 C:\xampp\htdocs\bomb\vendor\twig\twig\lib\Twig\ExpressionParser.php(449): Twig_TokenStream->expect(5)
#1 C:\xampp\htdocs\bomb\vendor\twig\twig\lib\Twig\ExpressionParser.php(443): Twig_ExpressionParser->parseFilterExpressionRaw(Object(Twig_Node_Expression_Name))
#2 C:\xampp\htdocs\bomb\vendor\twig\twig\lib\Twig\ExpressionParser.php(302): Twig_ExpressionParser->parseFilterExpression(Object(Twig_Node_Expression_Name))
#3 C:\xampp\htdocs\bomb\vendor\twig\twig\lib\Twig\ExpressionParser.php(194): Twig_ExpressionParser->parsePostfixExpression(Object(Twig_Node_Expression_Name))
#4 C:\xampp\htdocs\bomb\vendor\twig\twig\lib\Twig\ExpressionParser.php(84): Twig_ExpressionParser->parsePrimaryExpression()
#5 C:\xampp\htdocs\bomb\vendor\twig\twig\lib\Twig\ExpressionParser.php(41): Twig_ExpressionParser->getPrimary()
#6 C:\xampp\htdocs\bomb\vendor\twig\twig\lib\Twig\Parser.php(144): Twig_ExpressionParser->parseExpression()
#7 C:\xampp\htdocs\bomb\vendor\twig\twig\lib\Twig\Parser.php(100): Twig_Parser->subparse(NULL, false)
#8 C:\xampp\htdocs\bomb\vendor\twig\twig\lib\Twig\Environment.php(619): Twig_Parser->parse(Object(Twig_TokenStream))
#9 C:\xampp\htdocs\bomb\vendor\twig\twig\lib\Twig\Environment.php(671): Twig_Environment->parse(Object(Twig_TokenStream))
#10 C:\xampp\htdocs\bomb\vendor\twig\twig\lib\Twig\Environment.php(396): Twig_Environment->compileSource('<!doctype html>...', 'score.twig')
#11 C:\xampp\htdocs\bomb\vendor\yeephp\yeephp\Yee\Views\Twig.php(87): Twig_Environment->loadTemplate('score.twig')
#12 C:\xampp\htdocs\bomb\vendor\yeephp\yeephp\Yee\View.php(255): Yee\Views\Twig->render('score.twig', NULL)
#13 C:\xampp\htdocs\bomb\vendor\yeephp\yeephp\Yee\View.php(243): Yee\View->fetch('score.twig', NULL)
#14 C:\xampp\htdocs\bomb\vendor\yeephp\yeephp\Yee\Yee.php(764): Yee\View->display('score.twig')
#15 C:\xampp\htdocs\bomb\App\Controllers\ScoreController.php(25): Yee\Yee->render('score.twig', Array)
#16 [internal function]: ScoreController->showScore()
#17 C:\xampp\htdocs\bomb\vendor\yeephp\yeephp\Yee\Managers\Controller\Controller.php(22): call_user_func_array(Array, Array)
#18 [internal function]: Yee\Managers\Controller\Controller::__callStatic('___showScore', Array)
#19 [internal function]: ScoreController::___showScore()
#20 C:\xampp\htdocs\bomb\vendor\yeephp\yeephp\Yee\Route.php(462): call_user_func_array('ScoreController...', Array)
#21 C:\xampp\htdocs\bomb\vendor\yeephp\yeephp\Yee\Yee.php(1333): Yee\Route->dispatch()
#22 C:\xampp\htdocs\bomb\vendor\yeephp\yeephp\Yee\Middleware\Flash.php(85): Yee\Yee->call()
#23 C:\xampp\htdocs\bomb\vendor\yeephp\yeephp\Yee\Middleware\MethodOverride.php(92): Yee\Middleware\Flash->call()
#24 C:\xampp\htdocs\bomb\vendor\yeephp\yeephp\Yee\Yee.php(1278): Yee\Middleware\MethodOverride->call()
#25 C:\xampp\htdocs\bomb\public\index.php(62): Yee\Yee->execute()
#26 {main}
ERROR - 2016-09-10 14:43:53 - exception 'Twig_Error_Syntax' with message 'Unexpected token "end of print statement" of value "" ("name" expected) in "score.twig" at line 13.' in C:\xampp\htdocs\bomb\vendor\twig\twig\lib\Twig\TokenStream.php:87
Stack trace:
#0 C:\xampp\htdocs\bomb\vendor\twig\twig\lib\Twig\ExpressionParser.php(449): Twig_TokenStream->expect(5)
#1 C:\xampp\htdocs\bomb\vendor\twig\twig\lib\Twig\ExpressionParser.php(443): Twig_ExpressionParser->parseFilterExpressionRaw(Object(Twig_Node_Expression_Name))
#2 C:\xampp\htdocs\bomb\vendor\twig\twig\lib\Twig\ExpressionParser.php(302): Twig_ExpressionParser->parseFilterExpression(Object(Twig_Node_Expression_Name))
#3 C:\xampp\htdocs\bomb\vendor\twig\twig\lib\Twig\ExpressionParser.php(194): Twig_ExpressionParser->parsePostfixExpression(Object(Twig_Node_Expression_Name))
#4 C:\xampp\htdocs\bomb\vendor\twig\twig\lib\Twig\ExpressionParser.php(84): Twig_ExpressionParser->parsePrimaryExpression()
#5 C:\xampp\htdocs\bomb\vendor\twig\twig\lib\Twig\ExpressionParser.php(41): Twig_ExpressionParser->getPrimary()
#6 C:\xampp\htdocs\bomb\vendor\twig\twig\lib\Twig\Parser.php(144): Twig_ExpressionParser->parseExpression()
#7 C:\xampp\htdocs\bomb\vendor\twig\twig\lib\Twig\Parser.php(100): Twig_Parser->subparse(NULL, false)
#8 C:\xampp\htdocs\bomb\vendor\twig\twig\lib\Twig\Environment.php(619): Twig_Parser->parse(Object(Twig_TokenStream))
#9 C:\xampp\htdocs\bomb\vendor\twig\twig\lib\Twig\Environment.php(671): Twig_Environment->parse(Object(Twig_TokenStream))
#10 C:\xampp\htdocs\bomb\vendor\twig\twig\lib\Twig\Environment.php(396): Twig_Environment->compileSource('<!doctype html>...', 'score.twig')
#11 C:\xampp\htdocs\bomb\vendor\yeephp\yeephp\Yee\Views\Twig.php(87): Twig_Environment->loadTemplate('score.twig')
#12 C:\xampp\htdocs\bomb\vendor\yeephp\yeephp\Yee\View.php(255): Yee\Views\Twig->render('score.twig', NULL)
#13 C:\xampp\htdocs\bomb\vendor\yeephp\yeephp\Yee\View.php(243): Yee\View->fetch('score.twig', NULL)
#14 C:\xampp\htdocs\bomb\vendor\yeephp\yeephp\Yee\Yee.php(764): Yee\View->display('score.twig')
#15 C:\xampp\htdocs\bomb\App\Controllers\ScoreController.php(25): Yee\Yee->render('score.twig', Array)
#16 [internal function]: ScoreController->showScore()
#17 C:\xampp\htdocs\bomb\vendor\yeephp\yeephp\Yee\Managers\Controller\Controller.php(22): call_user_func_array(Array, Array)
#18 [internal function]: Yee\Managers\Controller\Controller::__callStatic('___showScore', Array)
#19 [internal function]: ScoreController::___showScore()
#20 C:\xampp\htdocs\bomb\vendor\yeephp\yeephp\Yee\Route.php(462): call_user_func_array('ScoreController...', Array)
#21 C:\xampp\htdocs\bomb\vendor\yeephp\yeephp\Yee\Yee.php(1333): Yee\Route->dispatch()
#22 C:\xampp\htdocs\bomb\vendor\yeephp\yeephp\Yee\Middleware\Flash.php(85): Yee\Yee->call()
#23 C:\xampp\htdocs\bomb\vendor\yeephp\yeephp\Yee\Middleware\MethodOverride.php(92): Yee\Middleware\Flash->call()
#24 C:\xampp\htdocs\bomb\vendor\yeephp\yeephp\Yee\Yee.php(1278): Yee\Middleware\MethodOverride->call()
#25 C:\xampp\htdocs\bomb\public\index.php(62): Yee\Yee->execute()
#26 {main}
ERROR - 2016-09-10 14:44:10 - exception 'Twig_Error_Syntax' with message 'Unexpected token "end of print statement" of value "" ("name" expected) in "score.twig" at line 13.' in C:\xampp\htdocs\bomb\vendor\twig\twig\lib\Twig\TokenStream.php:87
Stack trace:
#0 C:\xampp\htdocs\bomb\vendor\twig\twig\lib\Twig\ExpressionParser.php(449): Twig_TokenStream->expect(5)
#1 C:\xampp\htdocs\bomb\vendor\twig\twig\lib\Twig\ExpressionParser.php(443): Twig_ExpressionParser->parseFilterExpressionRaw(Object(Twig_Node_Expression_Name))
#2 C:\xampp\htdocs\bomb\vendor\twig\twig\lib\Twig\ExpressionParser.php(302): Twig_ExpressionParser->parseFilterExpression(Object(Twig_Node_Expression_Name))
#3 C:\xampp\htdocs\bomb\vendor\twig\twig\lib\Twig\ExpressionParser.php(194): Twig_ExpressionParser->parsePostfixExpression(Object(Twig_Node_Expression_Name))
#4 C:\xampp\htdocs\bomb\vendor\twig\twig\lib\Twig\ExpressionParser.php(84): Twig_ExpressionParser->parsePrimaryExpression()
#5 C:\xampp\htdocs\bomb\vendor\twig\twig\lib\Twig\ExpressionParser.php(41): Twig_ExpressionParser->getPrimary()
#6 C:\xampp\htdocs\bomb\vendor\twig\twig\lib\Twig\Parser.php(144): Twig_ExpressionParser->parseExpression()
#7 C:\xampp\htdocs\bomb\vendor\twig\twig\lib\Twig\Parser.php(100): Twig_Parser->subparse(NULL, false)
#8 C:\xampp\htdocs\bomb\vendor\twig\twig\lib\Twig\Environment.php(619): Twig_Parser->parse(Object(Twig_TokenStream))
#9 C:\xampp\htdocs\bomb\vendor\twig\twig\lib\Twig\Environment.php(671): Twig_Environment->parse(Object(Twig_TokenStream))
#10 C:\xampp\htdocs\bomb\vendor\twig\twig\lib\Twig\Environment.php(396): Twig_Environment->compileSource('<!doctype html>...', 'score.twig')
#11 C:\xampp\htdocs\bomb\vendor\yeephp\yeephp\Yee\Views\Twig.php(87): Twig_Environment->loadTemplate('score.twig')
#12 C:\xampp\htdocs\bomb\vendor\yeephp\yeephp\Yee\View.php(255): Yee\Views\Twig->render('score.twig', NULL)
#13 C:\xampp\htdocs\bomb\vendor\yeephp\yeephp\Yee\View.php(243): Yee\View->fetch('score.twig', NULL)
#14 C:\xampp\htdocs\bomb\vendor\yeephp\yeephp\Yee\Yee.php(764): Yee\View->display('score.twig')
#15 C:\xampp\htdocs\bomb\App\Controllers\ScoreController.php(25): Yee\Yee->render('score.twig', Array)
#16 [internal function]: ScoreController->showScore()
#17 C:\xampp\htdocs\bomb\vendor\yeephp\yeephp\Yee\Managers\Controller\Controller.php(22): call_user_func_array(Array, Array)
#18 [internal function]: Yee\Managers\Controller\Controller::__callStatic('___showScore', Array)
#19 [internal function]: ScoreController::___showScore()
#20 C:\xampp\htdocs\bomb\vendor\yeephp\yeephp\Yee\Route.php(462): call_user_func_array('ScoreController...', Array)
#21 C:\xampp\htdocs\bomb\vendor\yeephp\yeephp\Yee\Yee.php(1333): Yee\Route->dispatch()
#22 C:\xampp\htdocs\bomb\vendor\yeephp\yeephp\Yee\Middleware\Flash.php(85): Yee\Yee->call()
#23 C:\xampp\htdocs\bomb\vendor\yeephp\yeephp\Yee\Middleware\MethodOverride.php(92): Yee\Middleware\Flash->call()
#24 C:\xampp\htdocs\bomb\vendor\yeephp\yeephp\Yee\Yee.php(1278): Yee\Middleware\MethodOverride->call()
#25 C:\xampp\htdocs\bomb\public\index.php(62): Yee\Yee->execute()
#26 {main}
ERROR - 2016-09-10 14:44:13 - exception 'Twig_Error_Syntax' with message 'Unexpected token "end of print statement" of value "" ("name" expected) in "score.twig" at line 13.' in C:\xampp\htdocs\bomb\vendor\twig\twig\lib\Twig\TokenStream.php:87
Stack trace:
#0 C:\xampp\htdocs\bomb\vendor\twig\twig\lib\Twig\ExpressionParser.php(449): Twig_TokenStream->expect(5)
#1 C:\xampp\htdocs\bomb\vendor\twig\twig\lib\Twig\ExpressionParser.php(443): Twig_ExpressionParser->parseFilterExpressionRaw(Object(Twig_Node_Expression_Name))
#2 C:\xampp\htdocs\bomb\vendor\twig\twig\lib\Twig\ExpressionParser.php(302): Twig_ExpressionParser->parseFilterExpression(Object(Twig_Node_Expression_Name))
#3 C:\xampp\htdocs\bomb\vendor\twig\twig\lib\Twig\ExpressionParser.php(194): Twig_ExpressionParser->parsePostfixExpression(Object(Twig_Node_Expression_Name))
#4 C:\xampp\htdocs\bomb\vendor\twig\twig\lib\Twig\ExpressionParser.php(84): Twig_ExpressionParser->parsePrimaryExpression()
#5 C:\xampp\htdocs\bomb\vendor\twig\twig\lib\Twig\ExpressionParser.php(41): Twig_ExpressionParser->getPrimary()
#6 C:\xampp\htdocs\bomb\vendor\twig\twig\lib\Twig\Parser.php(144): Twig_ExpressionParser->parseExpression()
#7 C:\xampp\htdocs\bomb\vendor\twig\twig\lib\Twig\Parser.php(100): Twig_Parser->subparse(NULL, false)
#8 C:\xampp\htdocs\bomb\vendor\twig\twig\lib\Twig\Environment.php(619): Twig_Parser->parse(Object(Twig_TokenStream))
#9 C:\xampp\htdocs\bomb\vendor\twig\twig\lib\Twig\Environment.php(671): Twig_Environment->parse(Object(Twig_TokenStream))
#10 C:\xampp\htdocs\bomb\vendor\twig\twig\lib\Twig\Environment.php(396): Twig_Environment->compileSource('<!doctype html>...', 'score.twig')
#11 C:\xampp\htdocs\bomb\vendor\yeephp\yeephp\Yee\Views\Twig.php(87): Twig_Environment->loadTemplate('score.twig')
#12 C:\xampp\htdocs\bomb\vendor\yeephp\yeephp\Yee\View.php(255): Yee\Views\Twig->render('score.twig', NULL)
#13 C:\xampp\htdocs\bomb\vendor\yeephp\yeephp\Yee\View.php(243): Yee\View->fetch('score.twig', NULL)
#14 C:\xampp\htdocs\bomb\vendor\yeephp\yeephp\Yee\Yee.php(764): Yee\View->display('score.twig')
#15 C:\xampp\htdocs\bomb\App\Controllers\ScoreController.php(25): Yee\Yee->render('score.twig', Array)
#16 [internal function]: ScoreController->showScore()
#17 C:\xampp\htdocs\bomb\vendor\yeephp\yeephp\Yee\Managers\Controller\Controller.php(22): call_user_func_array(Array, Array)
#18 [internal function]: Yee\Managers\Controller\Controller::__callStatic('___showScore', Array)
#19 [internal function]: ScoreController::___showScore()
#20 C:\xampp\htdocs\bomb\vendor\yeephp\yeephp\Yee\Route.php(462): call_user_func_array('ScoreController...', Array)
#21 C:\xampp\htdocs\bomb\vendor\yeephp\yeephp\Yee\Yee.php(1333): Yee\Route->dispatch()
#22 C:\xampp\htdocs\bomb\vendor\yeephp\yeephp\Yee\Middleware\Flash.php(85): Yee\Yee->call()
#23 C:\xampp\htdocs\bomb\vendor\yeephp\yeephp\Yee\Middleware\MethodOverride.php(92): Yee\Middleware\Flash->call()
#24 C:\xampp\htdocs\bomb\vendor\yeephp\yeephp\Yee\Yee.php(1278): Yee\Middleware\MethodOverride->call()
#25 C:\xampp\htdocs\bomb\public\index.php(62): Yee\Yee->execute()
#26 {main}
ERROR - 2016-09-10 14:44:14 - exception 'Twig_Error_Syntax' with message 'Unexpected token "end of print statement" of value "" ("name" expected) in "score.twig" at line 13.' in C:\xampp\htdocs\bomb\vendor\twig\twig\lib\Twig\TokenStream.php:87
Stack trace:
#0 C:\xampp\htdocs\bomb\vendor\twig\twig\lib\Twig\ExpressionParser.php(449): Twig_TokenStream->expect(5)
#1 C:\xampp\htdocs\bomb\vendor\twig\twig\lib\Twig\ExpressionParser.php(443): Twig_ExpressionParser->parseFilterExpressionRaw(Object(Twig_Node_Expression_Name))
#2 C:\xampp\htdocs\bomb\vendor\twig\twig\lib\Twig\ExpressionParser.php(302): Twig_ExpressionParser->parseFilterExpression(Object(Twig_Node_Expression_Name))
#3 C:\xampp\htdocs\bomb\vendor\twig\twig\lib\Twig\ExpressionParser.php(194): Twig_ExpressionParser->parsePostfixExpression(Object(Twig_Node_Expression_Name))
#4 C:\xampp\htdocs\bomb\vendor\twig\twig\lib\Twig\ExpressionParser.php(84): Twig_ExpressionParser->parsePrimaryExpression()
#5 C:\xampp\htdocs\bomb\vendor\twig\twig\lib\Twig\ExpressionParser.php(41): Twig_ExpressionParser->getPrimary()
#6 C:\xampp\htdocs\bomb\vendor\twig\twig\lib\Twig\Parser.php(144): Twig_ExpressionParser->parseExpression()
#7 C:\xampp\htdocs\bomb\vendor\twig\twig\lib\Twig\Parser.php(100): Twig_Parser->subparse(NULL, false)
#8 C:\xampp\htdocs\bomb\vendor\twig\twig\lib\Twig\Environment.php(619): Twig_Parser->parse(Object(Twig_TokenStream))
#9 C:\xampp\htdocs\bomb\vendor\twig\twig\lib\Twig\Environment.php(671): Twig_Environment->parse(Object(Twig_TokenStream))
#10 C:\xampp\htdocs\bomb\vendor\twig\twig\lib\Twig\Environment.php(396): Twig_Environment->compileSource('<!doctype html>...', 'score.twig')
#11 C:\xampp\htdocs\bomb\vendor\yeephp\yeephp\Yee\Views\Twig.php(87): Twig_Environment->loadTemplate('score.twig')
#12 C:\xampp\htdocs\bomb\vendor\yeephp\yeephp\Yee\View.php(255): Yee\Views\Twig->render('score.twig', NULL)
#13 C:\xampp\htdocs\bomb\vendor\yeephp\yeephp\Yee\View.php(243): Yee\View->fetch('score.twig', NULL)
#14 C:\xampp\htdocs\bomb\vendor\yeephp\yeephp\Yee\Yee.php(764): Yee\View->display('score.twig')
#15 C:\xampp\htdocs\bomb\App\Controllers\ScoreController.php(25): Yee\Yee->render('score.twig', Array)
#16 [internal function]: ScoreController->showScore()
#17 C:\xampp\htdocs\bomb\vendor\yeephp\yeephp\Yee\Managers\Controller\Controller.php(22): call_user_func_array(Array, Array)
#18 [internal function]: Yee\Managers\Controller\Controller::__callStatic('___showScore', Array)
#19 [internal function]: ScoreController::___showScore()
#20 C:\xampp\htdocs\bomb\vendor\yeephp\yeephp\Yee\Route.php(462): call_user_func_array('ScoreController...', Array)
#21 C:\xampp\htdocs\bomb\vendor\yeephp\yeephp\Yee\Yee.php(1333): Yee\Route->dispatch()
#22 C:\xampp\htdocs\bomb\vendor\yeephp\yeephp\Yee\Middleware\Flash.php(85): Yee\Yee->call()
#23 C:\xampp\htdocs\bomb\vendor\yeephp\yeephp\Yee\Middleware\MethodOverride.php(92): Yee\Middleware\Flash->call()
#24 C:\xampp\htdocs\bomb\vendor\yeephp\yeephp\Yee\Yee.php(1278): Yee\Middleware\MethodOverride->call()
#25 C:\xampp\htdocs\bomb\public\index.php(62): Yee\Yee->execute()
#26 {main}
ERROR - 2016-09-10 14:44:14 - exception 'Twig_Error_Syntax' with message 'Unexpected token "end of print statement" of value "" ("name" expected) in "score.twig" at line 13.' in C:\xampp\htdocs\bomb\vendor\twig\twig\lib\Twig\TokenStream.php:87
Stack trace:
#0 C:\xampp\htdocs\bomb\vendor\twig\twig\lib\Twig\ExpressionParser.php(449): Twig_TokenStream->expect(5)
#1 C:\xampp\htdocs\bomb\vendor\twig\twig\lib\Twig\ExpressionParser.php(443): Twig_ExpressionParser->parseFilterExpressionRaw(Object(Twig_Node_Expression_Name))
#2 C:\xampp\htdocs\bomb\vendor\twig\twig\lib\Twig\ExpressionParser.php(302): Twig_ExpressionParser->parseFilterExpression(Object(Twig_Node_Expression_Name))
#3 C:\xampp\htdocs\bomb\vendor\twig\twig\lib\Twig\ExpressionParser.php(194): Twig_ExpressionParser->parsePostfixExpression(Object(Twig_Node_Expression_Name))
#4 C:\xampp\htdocs\bomb\vendor\twig\twig\lib\Twig\ExpressionParser.php(84): Twig_ExpressionParser->parsePrimaryExpression()
#5 C:\xampp\htdocs\bomb\vendor\twig\twig\lib\Twig\ExpressionParser.php(41): Twig_ExpressionParser->getPrimary()
#6 C:\xampp\htdocs\bomb\vendor\twig\twig\lib\Twig\Parser.php(144): Twig_ExpressionParser->parseExpression()
#7 C:\xampp\htdocs\bomb\vendor\twig\twig\lib\Twig\Parser.php(100): Twig_Parser->subparse(NULL, false)
#8 C:\xampp\htdocs\bomb\vendor\twig\twig\lib\Twig\Environment.php(619): Twig_Parser->parse(Object(Twig_TokenStream))
#9 C:\xampp\htdocs\bomb\vendor\twig\twig\lib\Twig\Environment.php(671): Twig_Environment->parse(Object(Twig_TokenStream))
#10 C:\xampp\htdocs\bomb\vendor\twig\twig\lib\Twig\Environment.php(396): Twig_Environment->compileSource('<!doctype html>...', 'score.twig')
#11 C:\xampp\htdocs\bomb\vendor\yeephp\yeephp\Yee\Views\Twig.php(87): Twig_Environment->loadTemplate('score.twig')
#12 C:\xampp\htdocs\bomb\vendor\yeephp\yeephp\Yee\View.php(255): Yee\Views\Twig->render('score.twig', NULL)
#13 C:\xampp\htdocs\bomb\vendor\yeephp\yeephp\Yee\View.php(243): Yee\View->fetch('score.twig', NULL)
#14 C:\xampp\htdocs\bomb\vendor\yeephp\yeephp\Yee\Yee.php(764): Yee\View->display('score.twig')
#15 C:\xampp\htdocs\bomb\App\Controllers\ScoreController.php(25): Yee\Yee->render('score.twig', Array)
#16 [internal function]: ScoreController->showScore()
#17 C:\xampp\htdocs\bomb\vendor\yeephp\yeephp\Yee\Managers\Controller\Controller.php(22): call_user_func_array(Array, Array)
#18 [internal function]: Yee\Managers\Controller\Controller::__callStatic('___showScore', Array)
#19 [internal function]: ScoreController::___showScore()
#20 C:\xampp\htdocs\bomb\vendor\yeephp\yeephp\Yee\Route.php(462): call_user_func_array('ScoreController...', Array)
#21 C:\xampp\htdocs\bomb\vendor\yeephp\yeephp\Yee\Yee.php(1333): Yee\Route->dispatch()
#22 C:\xampp\htdocs\bomb\vendor\yeephp\yeephp\Yee\Middleware\Flash.php(85): Yee\Yee->call()
#23 C:\xampp\htdocs\bomb\vendor\yeephp\yeephp\Yee\Middleware\MethodOverride.php(92): Yee\Middleware\Flash->call()
#24 C:\xampp\htdocs\bomb\vendor\yeephp\yeephp\Yee\Yee.php(1278): Yee\Middleware\MethodOverride->call()
#25 C:\xampp\htdocs\bomb\public\index.php(62): Yee\Yee->execute()
#26 {main}
ERROR - 2016-09-10 14:44:15 - exception 'Twig_Error_Syntax' with message 'Unexpected token "end of print statement" of value "" ("name" expected) in "score.twig" at line 13.' in C:\xampp\htdocs\bomb\vendor\twig\twig\lib\Twig\TokenStream.php:87
Stack trace:
#0 C:\xampp\htdocs\bomb\vendor\twig\twig\lib\Twig\ExpressionParser.php(449): Twig_TokenStream->expect(5)
#1 C:\xampp\htdocs\bomb\vendor\twig\twig\lib\Twig\ExpressionParser.php(443): Twig_ExpressionParser->parseFilterExpressionRaw(Object(Twig_Node_Expression_Name))
#2 C:\xampp\htdocs\bomb\vendor\twig\twig\lib\Twig\ExpressionParser.php(302): Twig_ExpressionParser->parseFilterExpression(Object(Twig_Node_Expression_Name))
#3 C:\xampp\htdocs\bomb\vendor\twig\twig\lib\Twig\ExpressionParser.php(194): Twig_ExpressionParser->parsePostfixExpression(Object(Twig_Node_Expression_Name))
#4 C:\xampp\htdocs\bomb\vendor\twig\twig\lib\Twig\ExpressionParser.php(84): Twig_ExpressionParser->parsePrimaryExpression()
#5 C:\xampp\htdocs\bomb\vendor\twig\twig\lib\Twig\ExpressionParser.php(41): Twig_ExpressionParser->getPrimary()
#6 C:\xampp\htdocs\bomb\vendor\twig\twig\lib\Twig\Parser.php(144): Twig_ExpressionParser->parseExpression()
#7 C:\xampp\htdocs\bomb\vendor\twig\twig\lib\Twig\Parser.php(100): Twig_Parser->subparse(NULL, false)
#8 C:\xampp\htdocs\bomb\vendor\twig\twig\lib\Twig\Environment.php(619): Twig_Parser->parse(Object(Twig_TokenStream))
#9 C:\xampp\htdocs\bomb\vendor\twig\twig\lib\Twig\Environment.php(671): Twig_Environment->parse(Object(Twig_TokenStream))
#10 C:\xampp\htdocs\bomb\vendor\twig\twig\lib\Twig\Environment.php(396): Twig_Environment->compileSource('<!doctype html>...', 'score.twig')
#11 C:\xampp\htdocs\bomb\vendor\yeephp\yeephp\Yee\Views\Twig.php(87): Twig_Environment->loadTemplate('score.twig')
#12 C:\xampp\htdocs\bomb\vendor\yeephp\yeephp\Yee\View.php(255): Yee\Views\Twig->render('score.twig', NULL)
#13 C:\xampp\htdocs\bomb\vendor\yeephp\yeephp\Yee\View.php(243): Yee\View->fetch('score.twig', NULL)
#14 C:\xampp\htdocs\bomb\vendor\yeephp\yeephp\Yee\Yee.php(764): Yee\View->display('score.twig')
#15 C:\xampp\htdocs\bomb\App\Controllers\ScoreController.php(25): Yee\Yee->render('score.twig', Array)
#16 [internal function]: ScoreController->showScore()
#17 C:\xampp\htdocs\bomb\vendor\yeephp\yeephp\Yee\Managers\Controller\Controller.php(22): call_user_func_array(Array, Array)
#18 [internal function]: Yee\Managers\Controller\Controller::__callStatic('___showScore', Array)
#19 [internal function]: ScoreController::___showScore()
#20 C:\xampp\htdocs\bomb\vendor\yeephp\yeephp\Yee\Route.php(462): call_user_func_array('ScoreController...', Array)
#21 C:\xampp\htdocs\bomb\vendor\yeephp\yeephp\Yee\Yee.php(1333): Yee\Route->dispatch()
#22 C:\xampp\htdocs\bomb\vendor\yeephp\yeephp\Yee\Middleware\Flash.php(85): Yee\Yee->call()
#23 C:\xampp\htdocs\bomb\vendor\yeephp\yeephp\Yee\Middleware\MethodOverride.php(92): Yee\Middleware\Flash->call()
#24 C:\xampp\htdocs\bomb\vendor\yeephp\yeephp\Yee\Yee.php(1278): Yee\Middleware\MethodOverride->call()
#25 C:\xampp\htdocs\bomb\public\index.php(62): Yee\Yee->execute()
#26 {main}
ERROR - 2016-09-10 14:44:16 - exception 'Twig_Error_Syntax' with message 'Unexpected token "end of print statement" of value "" ("name" expected) in "score.twig" at line 13.' in C:\xampp\htdocs\bomb\vendor\twig\twig\lib\Twig\TokenStream.php:87
Stack trace:
#0 C:\xampp\htdocs\bomb\vendor\twig\twig\lib\Twig\ExpressionParser.php(449): Twig_TokenStream->expect(5)
#1 C:\xampp\htdocs\bomb\vendor\twig\twig\lib\Twig\ExpressionParser.php(443): Twig_ExpressionParser->parseFilterExpressionRaw(Object(Twig_Node_Expression_Name))
#2 C:\xampp\htdocs\bomb\vendor\twig\twig\lib\Twig\ExpressionParser.php(302): Twig_ExpressionParser->parseFilterExpression(Object(Twig_Node_Expression_Name))
#3 C:\xampp\htdocs\bomb\vendor\twig\twig\lib\Twig\ExpressionParser.php(194): Twig_ExpressionParser->parsePostfixExpression(Object(Twig_Node_Expression_Name))
#4 C:\xampp\htdocs\bomb\vendor\twig\twig\lib\Twig\ExpressionParser.php(84): Twig_ExpressionParser->parsePrimaryExpression()
#5 C:\xampp\htdocs\bomb\vendor\twig\twig\lib\Twig\ExpressionParser.php(41): Twig_ExpressionParser->getPrimary()
#6 C:\xampp\htdocs\bomb\vendor\twig\twig\lib\Twig\Parser.php(144): Twig_ExpressionParser->parseExpression()
#7 C:\xampp\htdocs\bomb\vendor\twig\twig\lib\Twig\Parser.php(100): Twig_Parser->subparse(NULL, false)
#8 C:\xampp\htdocs\bomb\vendor\twig\twig\lib\Twig\Environment.php(619): Twig_Parser->parse(Object(Twig_TokenStream))
#9 C:\xampp\htdocs\bomb\vendor\twig\twig\lib\Twig\Environment.php(671): Twig_Environment->parse(Object(Twig_TokenStream))
#10 C:\xampp\htdocs\bomb\vendor\twig\twig\lib\Twig\Environment.php(396): Twig_Environment->compileSource('<!doctype html>...', 'score.twig')
#11 C:\xampp\htdocs\bomb\vendor\yeephp\yeephp\Yee\Views\Twig.php(87): Twig_Environment->loadTemplate('score.twig')
#12 C:\xampp\htdocs\bomb\vendor\yeephp\yeephp\Yee\View.php(255): Yee\Views\Twig->render('score.twig', NULL)
#13 C:\xampp\htdocs\bomb\vendor\yeephp\yeephp\Yee\View.php(243): Yee\View->fetch('score.twig', NULL)
#14 C:\xampp\htdocs\bomb\vendor\yeephp\yeephp\Yee\Yee.php(764): Yee\View->display('score.twig')
#15 C:\xampp\htdocs\bomb\App\Controllers\ScoreController.php(25): Yee\Yee->render('score.twig', Array)
#16 [internal function]: ScoreController->showScore()
#17 C:\xampp\htdocs\bomb\vendor\yeephp\yeephp\Yee\Managers\Controller\Controller.php(22): call_user_func_array(Array, Array)
#18 [internal function]: Yee\Managers\Controller\Controller::__callStatic('___showScore', Array)
#19 [internal function]: ScoreController::___showScore()
#20 C:\xampp\htdocs\bomb\vendor\yeephp\yeephp\Yee\Route.php(462): call_user_func_array('ScoreController...', Array)
#21 C:\xampp\htdocs\bomb\vendor\yeephp\yeephp\Yee\Yee.php(1333): Yee\Route->dispatch()
#22 C:\xampp\htdocs\bomb\vendor\yeephp\yeephp\Yee\Middleware\Flash.php(85): Yee\Yee->call()
#23 C:\xampp\htdocs\bomb\vendor\yeephp\yeephp\Yee\Middleware\MethodOverride.php(92): Yee\Middleware\Flash->call()
#24 C:\xampp\htdocs\bomb\vendor\yeephp\yeephp\Yee\Yee.php(1278): Yee\Middleware\MethodOverride->call()
#25 C:\xampp\htdocs\bomb\public\index.php(62): Yee\Yee->execute()
#26 {main}
