ERROR - 2016-08-29 14:56:11 - exception 'ErrorException' with message 'Array to string conversion' in C:\xampp\htdocs\bomb\vendor\twig\twig\lib\Twig\Environment.php(403) : eval()'d code:57
Stack trace:
#0 C:\xampp\htdocs\bomb\vendor\twig\twig\lib\Twig\Environment.php(403) : eval()'d code(57): Yee\Yee::handleErrors(8, 'Array to string...', 'C:\\xampp\\htdocs...', 57, Array)
#1 C:\xampp\htdocs\bomb\vendor\twig\twig\lib\Twig\Template.php(387): __TwigTemplate_972262f6ab605e00f12480807da85fbcfae853d8b310053b07ebe301c7665ae2->doDisplay(Array, Array)
#2 C:\xampp\htdocs\bomb\vendor\twig\twig\lib\Twig\Template.php(355): Twig_Template->displayWithErrorHandling(Array, Array)
#3 C:\xampp\htdocs\bomb\vendor\twig\twig\lib\Twig\Template.php(366): Twig_Template->display(Array)
#4 C:\xampp\htdocs\bomb\vendor\yeephp\yeephp\Yee\Views\Twig.php(91): Twig_Template->render(Array)
#5 C:\xampp\htdocs\bomb\vendor\yeephp\yeephp\Yee\View.php(255): Yee\Views\Twig->render('games/search.tw...', NULL)
#6 C:\xampp\htdocs\bomb\vendor\yeephp\yeephp\Yee\View.php(243): Yee\View->fetch('games/search.tw...', NULL)
#7 C:\xampp\htdocs\bomb\vendor\yeephp\yeephp\Yee\Yee.php(764): Yee\View->display('games/search.tw...')
#8 C:\xampp\htdocs\bomb\App\Controllers\SearchEngineController.php(36): Yee\Yee->render('games/search.tw...', Array)
#9 [internal function]: SearchEngineController->search()
#10 C:\xampp\htdocs\bomb\vendor\yeephp\yeephp\Yee\Managers\Controller\Controller.php(22): call_user_func_array(Array, Array)
#11 [internal function]: Yee\Managers\Controller\Controller::__callStatic('___search', Array)
#12 [internal function]: SearchEngineController::___search()
#13 C:\xampp\htdocs\bomb\vendor\yeephp\yeephp\Yee\Route.php(462): call_user_func_array('SearchEngineCon...', Array)
#14 C:\xampp\htdocs\bomb\vendor\yeephp\yeephp\Yee\Yee.php(1333): Yee\Route->dispatch()
#15 C:\xampp\htdocs\bomb\vendor\yeephp\yeephp\Yee\Middleware\Flash.php(85): Yee\Yee->call()
#16 C:\xampp\htdocs\bomb\vendor\yeephp\yeephp\Yee\Middleware\MethodOverride.php(92): Yee\Middleware\Flash->call()
#17 C:\xampp\htdocs\bomb\vendor\yeephp\yeephp\Yee\Yee.php(1278): Yee\Middleware\MethodOverride->call()
#18 C:\xampp\htdocs\bomb\public\index.php(61): Yee\Yee->execute()
#19 {main}

Next exception 'Twig_Error_Runtime' with message 'An exception has been thrown during the rendering of a template ("Array to string conversion") in "games/search.twig" at line 33.' in C:\xampp\htdocs\bomb\vendor\twig\twig\lib\Twig\Template.php:402
Stack trace:
#0 C:\xampp\htdocs\bomb\vendor\twig\twig\lib\Twig\Template.php(355): Twig_Template->displayWithErrorHandling(Array, Array)
#1 C:\xampp\htdocs\bomb\vendor\twig\twig\lib\Twig\Template.php(366): Twig_Template->display(Array)
#2 C:\xampp\htdocs\bomb\vendor\yeephp\yeephp\Yee\Views\Twig.php(91): Twig_Template->render(Array)
#3 C:\xampp\htdocs\bomb\vendor\yeephp\yeephp\Yee\View.php(255): Yee\Views\Twig->render('games/search.tw...', NULL)
#4 C:\xampp\htdocs\bomb\vendor\yeephp\yeephp\Yee\View.php(243): Yee\View->fetch('games/search.tw...', NULL)
#5 C:\xampp\htdocs\bomb\vendor\yeephp\yeephp\Yee\Yee.php(764): Yee\View->display('games/search.tw...')
#6 C:\xampp\htdocs\bomb\App\Controllers\SearchEngineController.php(36): Yee\Yee->render('games/search.tw...', Array)
#7 [internal function]: SearchEngineController->search()
#8 C:\xampp\htdocs\bomb\vendor\yeephp\yeephp\Yee\Managers\Controller\Controller.php(22): call_user_func_array(Array, Array)
#9 [internal function]: Yee\Managers\Controller\Controller::__callStatic('___search', Array)
#10 [internal function]: SearchEngineController::___search()
#11 C:\xampp\htdocs\bomb\vendor\yeephp\yeephp\Yee\Route.php(462): call_user_func_array('SearchEngineCon...', Array)
#12 C:\xampp\htdocs\bomb\vendor\yeephp\yeephp\Yee\Yee.php(1333): Yee\Route->dispatch()
#13 C:\xampp\htdocs\bomb\vendor\yeephp\yeephp\Yee\Middleware\Flash.php(85): Yee\Yee->call()
#14 C:\xampp\htdocs\bomb\vendor\yeephp\yeephp\Yee\Middleware\MethodOverride.php(92): Yee\Middleware\Flash->call()
#15 C:\xampp\htdocs\bomb\vendor\yeephp\yeephp\Yee\Yee.php(1278): Yee\Middleware\MethodOverride->call()
#16 C:\xampp\htdocs\bomb\public\index.php(61): Yee\Yee->execute()
#17 {main}
ERROR - 2016-08-29 14:59:20 - exception 'ErrorException' with message 'Array to string conversion' in C:\xampp\htdocs\bomb\vendor\twig\twig\lib\Twig\Extension\Core.php:515
Stack trace:
#0 C:\xampp\htdocs\bomb\vendor\twig\twig\lib\Twig\Extension\Core.php(515): Yee\Yee::handleErrors(8, 'Array to string...', 'C:\\xampp\\htdocs...', 515, Array)
#1 C:\xampp\htdocs\bomb\vendor\twig\twig\lib\Twig\Extension\Core.php(444): twig_date_converter(Object(Twig_Environment), Array, NULL)
#2 C:\xampp\htdocs\bomb\vendor\twig\twig\lib\Twig\Environment.php(403) : eval()'d code(72): twig_date_format_filter(Object(Twig_Environment), Array, 'm/d/Y')
#3 C:\xampp\htdocs\bomb\vendor\twig\twig\lib\Twig\Template.php(387): __TwigTemplate_972262f6ab605e00f12480807da85fbcfae853d8b310053b07ebe301c7665ae2->doDisplay(Array, Array)
#4 C:\xampp\htdocs\bomb\vendor\twig\twig\lib\Twig\Template.php(355): Twig_Template->displayWithErrorHandling(Array, Array)
#5 C:\xampp\htdocs\bomb\vendor\twig\twig\lib\Twig\Template.php(366): Twig_Template->display(Array)
#6 C:\xampp\htdocs\bomb\vendor\yeephp\yeephp\Yee\Views\Twig.php(91): Twig_Template->render(Array)
#7 C:\xampp\htdocs\bomb\vendor\yeephp\yeephp\Yee\View.php(255): Yee\Views\Twig->render('games/search.tw...', NULL)
#8 C:\xampp\htdocs\bomb\vendor\yeephp\yeephp\Yee\View.php(243): Yee\View->fetch('games/search.tw...', NULL)
#9 C:\xampp\htdocs\bomb\vendor\yeephp\yeephp\Yee\Yee.php(764): Yee\View->display('games/search.tw...')
#10 C:\xampp\htdocs\bomb\App\Controllers\SearchEngineController.php(36): Yee\Yee->render('games/search.tw...', Array)
#11 [internal function]: SearchEngineController->search()
#12 C:\xampp\htdocs\bomb\vendor\yeephp\yeephp\Yee\Managers\Controller\Controller.php(22): call_user_func_array(Array, Array)
#13 [internal function]: Yee\Managers\Controller\Controller::__callStatic('___search', Array)
#14 [internal function]: SearchEngineController::___search()
#15 C:\xampp\htdocs\bomb\vendor\yeephp\yeephp\Yee\Route.php(462): call_user_func_array('SearchEngineCon...', Array)
#16 C:\xampp\htdocs\bomb\vendor\yeephp\yeephp\Yee\Yee.php(1333): Yee\Route->dispatch()
#17 C:\xampp\htdocs\bomb\vendor\yeephp\yeephp\Yee\Middleware\Flash.php(85): Yee\Yee->call()
#18 C:\xampp\htdocs\bomb\vendor\yeephp\yeephp\Yee\Middleware\MethodOverride.php(92): Yee\Middleware\Flash->call()
#19 C:\xampp\htdocs\bomb\vendor\yeephp\yeephp\Yee\Yee.php(1278): Yee\Middleware\MethodOverride->call()
#20 C:\xampp\htdocs\bomb\public\index.php(61): Yee\Yee->execute()
#21 {main}

Next exception 'Twig_Error_Runtime' with message 'An exception has been thrown during the rendering of a template ("Array to string conversion") in "games/search.twig" at line 35.' in C:\xampp\htdocs\bomb\vendor\twig\twig\lib\Twig\Template.php:402
Stack trace:
#0 C:\xampp\htdocs\bomb\vendor\twig\twig\lib\Twig\Template.php(355): Twig_Template->displayWithErrorHandling(Array, Array)
#1 C:\xampp\htdocs\bomb\vendor\twig\twig\lib\Twig\Template.php(366): Twig_Template->display(Array)
#2 C:\xampp\htdocs\bomb\vendor\yeephp\yeephp\Yee\Views\Twig.php(91): Twig_Template->render(Array)
#3 C:\xampp\htdocs\bomb\vendor\yeephp\yeephp\Yee\View.php(255): Yee\Views\Twig->render('games/search.tw...', NULL)
#4 C:\xampp\htdocs\bomb\vendor\yeephp\yeephp\Yee\View.php(243): Yee\View->fetch('games/search.tw...', NULL)
#5 C:\xampp\htdocs\bomb\vendor\yeephp\yeephp\Yee\Yee.php(764): Yee\View->display('games/search.tw...')
#6 C:\xampp\htdocs\bomb\App\Controllers\SearchEngineController.php(36): Yee\Yee->render('games/search.tw...', Array)
#7 [internal function]: SearchEngineController->search()
#8 C:\xampp\htdocs\bomb\vendor\yeephp\yeephp\Yee\Managers\Controller\Controller.php(22): call_user_func_array(Array, Array)
#9 [internal function]: Yee\Managers\Controller\Controller::__callStatic('___search', Array)
#10 [internal function]: SearchEngineController::___search()
#11 C:\xampp\htdocs\bomb\vendor\yeephp\yeephp\Yee\Route.php(462): call_user_func_array('SearchEngineCon...', Array)
#12 C:\xampp\htdocs\bomb\vendor\yeephp\yeephp\Yee\Yee.php(1333): Yee\Route->dispatch()
#13 C:\xampp\htdocs\bomb\vendor\yeephp\yeephp\Yee\Middleware\Flash.php(85): Yee\Yee->call()
#14 C:\xampp\htdocs\bomb\vendor\yeephp\yeephp\Yee\Middleware\MethodOverride.php(92): Yee\Middleware\Flash->call()
#15 C:\xampp\htdocs\bomb\vendor\yeephp\yeephp\Yee\Yee.php(1278): Yee\Middleware\MethodOverride->call()
#16 C:\xampp\htdocs\bomb\public\index.php(61): Yee\Yee->execute()
#17 {main}
ERROR - 2016-08-29 15:03:20 - exception 'ErrorException' with message 'Array to string conversion' in C:\xampp\htdocs\bomb\vendor\twig\twig\lib\Twig\Environment.php(403) : eval()'d code:74
Stack trace:
#0 C:\xampp\htdocs\bomb\vendor\twig\twig\lib\Twig\Environment.php(403) : eval()'d code(74): Yee\Yee::handleErrors(8, 'Array to string...', 'C:\\xampp\\htdocs...', 74, Array)
#1 C:\xampp\htdocs\bomb\vendor\twig\twig\lib\Twig\Template.php(387): __TwigTemplate_972262f6ab605e00f12480807da85fbcfae853d8b310053b07ebe301c7665ae2->doDisplay(Array, Array)
#2 C:\xampp\htdocs\bomb\vendor\twig\twig\lib\Twig\Template.php(355): Twig_Template->displayWithErrorHandling(Array, Array)
#3 C:\xampp\htdocs\bomb\vendor\twig\twig\lib\Twig\Template.php(366): Twig_Template->display(Array)
#4 C:\xampp\htdocs\bomb\vendor\yeephp\yeephp\Yee\Views\Twig.php(91): Twig_Template->render(Array)
#5 C:\xampp\htdocs\bomb\vendor\yeephp\yeephp\Yee\View.php(255): Yee\Views\Twig->render('games/search.tw...', NULL)
#6 C:\xampp\htdocs\bomb\vendor\yeephp\yeephp\Yee\View.php(243): Yee\View->fetch('games/search.tw...', NULL)
#7 C:\xampp\htdocs\bomb\vendor\yeephp\yeephp\Yee\Yee.php(764): Yee\View->display('games/search.tw...')
#8 C:\xampp\htdocs\bomb\App\Controllers\SearchEngineController.php(36): Yee\Yee->render('games/search.tw...', Array)
#9 [internal function]: SearchEngineController->search()
#10 C:\xampp\htdocs\bomb\vendor\yeephp\yeephp\Yee\Managers\Controller\Controller.php(22): call_user_func_array(Array, Array)
#11 [internal function]: Yee\Managers\Controller\Controller::__callStatic('___search', Array)
#12 [internal function]: SearchEngineController::___search()
#13 C:\xampp\htdocs\bomb\vendor\yeephp\yeephp\Yee\Route.php(462): call_user_func_array('SearchEngineCon...', Array)
#14 C:\xampp\htdocs\bomb\vendor\yeephp\yeephp\Yee\Yee.php(1333): Yee\Route->dispatch()
#15 C:\xampp\htdocs\bomb\vendor\yeephp\yeephp\Yee\Middleware\Flash.php(85): Yee\Yee->call()
#16 C:\xampp\htdocs\bomb\vendor\yeephp\yeephp\Yee\Middleware\MethodOverride.php(92): Yee\Middleware\Flash->call()
#17 C:\xampp\htdocs\bomb\vendor\yeephp\yeephp\Yee\Yee.php(1278): Yee\Middleware\MethodOverride->call()
#18 C:\xampp\htdocs\bomb\public\index.php(61): Yee\Yee->execute()
#19 {main}

Next exception 'Twig_Error_Runtime' with message 'An exception has been thrown during the rendering of a template ("Array to string conversion") in "games/search.twig" at line 39.' in C:\xampp\htdocs\bomb\vendor\twig\twig\lib\Twig\Template.php:402
Stack trace:
#0 C:\xampp\htdocs\bomb\vendor\twig\twig\lib\Twig\Template.php(355): Twig_Template->displayWithErrorHandling(Array, Array)
#1 C:\xampp\htdocs\bomb\vendor\twig\twig\lib\Twig\Template.php(366): Twig_Template->display(Array)
#2 C:\xampp\htdocs\bomb\vendor\yeephp\yeephp\Yee\Views\Twig.php(91): Twig_Template->render(Array)
#3 C:\xampp\htdocs\bomb\vendor\yeephp\yeephp\Yee\View.php(255): Yee\Views\Twig->render('games/search.tw...', NULL)
#4 C:\xampp\htdocs\bomb\vendor\yeephp\yeephp\Yee\View.php(243): Yee\View->fetch('games/search.tw...', NULL)
#5 C:\xampp\htdocs\bomb\vendor\yeephp\yeephp\Yee\Yee.php(764): Yee\View->display('games/search.tw...')
#6 C:\xampp\htdocs\bomb\App\Controllers\SearchEngineController.php(36): Yee\Yee->render('games/search.tw...', Array)
#7 [internal function]: SearchEngineController->search()
#8 C:\xampp\htdocs\bomb\vendor\yeephp\yeephp\Yee\Managers\Controller\Controller.php(22): call_user_func_array(Array, Array)
#9 [internal function]: Yee\Managers\Controller\Controller::__callStatic('___search', Array)
#10 [internal function]: SearchEngineController::___search()
#11 C:\xampp\htdocs\bomb\vendor\yeephp\yeephp\Yee\Route.php(462): call_user_func_array('SearchEngineCon...', Array)
#12 C:\xampp\htdocs\bomb\vendor\yeephp\yeephp\Yee\Yee.php(1333): Yee\Route->dispatch()
#13 C:\xampp\htdocs\bomb\vendor\yeephp\yeephp\Yee\Middleware\Flash.php(85): Yee\Yee->call()
#14 C:\xampp\htdocs\bomb\vendor\yeephp\yeephp\Yee\Middleware\MethodOverride.php(92): Yee\Middleware\Flash->call()
#15 C:\xampp\htdocs\bomb\vendor\yeephp\yeephp\Yee\Yee.php(1278): Yee\Middleware\MethodOverride->call()
#16 C:\xampp\htdocs\bomb\public\index.php(61): Yee\Yee->execute()
#17 {main}
ERROR - 2016-08-29 15:09:18 - exception 'ErrorException' with message 'Array to string conversion' in C:\xampp\htdocs\bomb\vendor\twig\twig\lib\Twig\Environment.php(403) : eval()'d code:81
Stack trace:
#0 C:\xampp\htdocs\bomb\vendor\twig\twig\lib\Twig\Environment.php(403) : eval()'d code(81): Yee\Yee::handleErrors(8, 'Array to string...', 'C:\\xampp\\htdocs...', 81, Array)
#1 C:\xampp\htdocs\bomb\vendor\twig\twig\lib\Twig\Template.php(387): __TwigTemplate_972262f6ab605e00f12480807da85fbcfae853d8b310053b07ebe301c7665ae2->doDisplay(Array, Array)
#2 C:\xampp\htdocs\bomb\vendor\twig\twig\lib\Twig\Template.php(355): Twig_Template->displayWithErrorHandling(Array, Array)
#3 C:\xampp\htdocs\bomb\vendor\twig\twig\lib\Twig\Template.php(366): Twig_Template->display(Array)
#4 C:\xampp\htdocs\bomb\vendor\yeephp\yeephp\Yee\Views\Twig.php(91): Twig_Template->render(Array)
#5 C:\xampp\htdocs\bomb\vendor\yeephp\yeephp\Yee\View.php(255): Yee\Views\Twig->render('games/search.tw...', NULL)
#6 C:\xampp\htdocs\bomb\vendor\yeephp\yeephp\Yee\View.php(243): Yee\View->fetch('games/search.tw...', NULL)
#7 C:\xampp\htdocs\bomb\vendor\yeephp\yeephp\Yee\Yee.php(764): Yee\View->display('games/search.tw...')
#8 C:\xampp\htdocs\bomb\App\Controllers\SearchEngineController.php(36): Yee\Yee->render('games/search.tw...', Array)
#9 [internal function]: SearchEngineController->search()
#10 C:\xampp\htdocs\bomb\vendor\yeephp\yeephp\Yee\Managers\Controller\Controller.php(22): call_user_func_array(Array, Array)
#11 [internal function]: Yee\Managers\Controller\Controller::__callStatic('___search', Array)
#12 [internal function]: SearchEngineController::___search()
#13 C:\xampp\htdocs\bomb\vendor\yeephp\yeephp\Yee\Route.php(462): call_user_func_array('SearchEngineCon...', Array)
#14 C:\xampp\htdocs\bomb\vendor\yeephp\yeephp\Yee\Yee.php(1333): Yee\Route->dispatch()
#15 C:\xampp\htdocs\bomb\vendor\yeephp\yeephp\Yee\Middleware\Flash.php(85): Yee\Yee->call()
#16 C:\xampp\htdocs\bomb\vendor\yeephp\yeephp\Yee\Middleware\MethodOverride.php(92): Yee\Middleware\Flash->call()
#17 C:\xampp\htdocs\bomb\vendor\yeephp\yeephp\Yee\Yee.php(1278): Yee\Middleware\MethodOverride->call()
#18 C:\xampp\htdocs\bomb\public\index.php(61): Yee\Yee->execute()
#19 {main}

Next exception 'Twig_Error_Runtime' with message 'An exception has been thrown during the rendering of a template ("Array to string conversion") in "games/search.twig" at line 41.' in C:\xampp\htdocs\bomb\vendor\twig\twig\lib\Twig\Template.php:402
Stack trace:
#0 C:\xampp\htdocs\bomb\vendor\twig\twig\lib\Twig\Template.php(355): Twig_Template->displayWithErrorHandling(Array, Array)
#1 C:\xampp\htdocs\bomb\vendor\twig\twig\lib\Twig\Template.php(366): Twig_Template->display(Array)
#2 C:\xampp\htdocs\bomb\vendor\yeephp\yeephp\Yee\Views\Twig.php(91): Twig_Template->render(Array)
#3 C:\xampp\htdocs\bomb\vendor\yeephp\yeephp\Yee\View.php(255): Yee\Views\Twig->render('games/search.tw...', NULL)
#4 C:\xampp\htdocs\bomb\vendor\yeephp\yeephp\Yee\View.php(243): Yee\View->fetch('games/search.tw...', NULL)
#5 C:\xampp\htdocs\bomb\vendor\yeephp\yeephp\Yee\Yee.php(764): Yee\View->display('games/search.tw...')
#6 C:\xampp\htdocs\bomb\App\Controllers\SearchEngineController.php(36): Yee\Yee->render('games/search.tw...', Array)
#7 [internal function]: SearchEngineController->search()
#8 C:\xampp\htdocs\bomb\vendor\yeephp\yeephp\Yee\Managers\Controller\Controller.php(22): call_user_func_array(Array, Array)
#9 [internal function]: Yee\Managers\Controller\Controller::__callStatic('___search', Array)
#10 [internal function]: SearchEngineController::___search()
#11 C:\xampp\htdocs\bomb\vendor\yeephp\yeephp\Yee\Route.php(462): call_user_func_array('SearchEngineCon...', Array)
#12 C:\xampp\htdocs\bomb\vendor\yeephp\yeephp\Yee\Yee.php(1333): Yee\Route->dispatch()
#13 C:\xampp\htdocs\bomb\vendor\yeephp\yeephp\Yee\Middleware\Flash.php(85): Yee\Yee->call()
#14 C:\xampp\htdocs\bomb\vendor\yeephp\yeephp\Yee\Middleware\MethodOverride.php(92): Yee\Middleware\Flash->call()
#15 C:\xampp\htdocs\bomb\vendor\yeephp\yeephp\Yee\Yee.php(1278): Yee\Middleware\MethodOverride->call()
#16 C:\xampp\htdocs\bomb\public\index.php(61): Yee\Yee->execute()
#17 {main}
